<?xml version="1.0" encoding="UTF-8"?>
<testsuite xmlns:xsi="http://www.w3.org/2001/XMLSchema-instance" xsi:noNamespaceSchemaLocation="https://maven.apache.org/surefire/maven-surefire-plugin/xsd/surefire-test-report-3.0.xsd" version="3.0" name="com.tienda.integration.OrderIntegrationTest" time="0.873" tests="3" errors="0" skipped="0" failures="0">
  <properties>
[...]
</properties>
  <testcase name="testCreateOrderInsufficientStock" classname="com.tienda.integration.OrderIntegrationTest" time="0.086">
    <system-out><![CDATA[2026-08-30T20:14:26.964-05:00  INFO 70205 --- [e-commerce] [           main] t.c.s.AnnotationConfigContextLoaderUtils : Could not detect default configuration classes for test class [com.tienda.integration.OrderIntegrationTest]: OrderIntegrationTest does not declare any static, non-private, non-final, nested classes annotated with @Configuration.
2026-08-30T20:14:26.968-05:00  INFO 70205 --- [e-commerce] [           main] .b.t.c.SpringBootTestContextBootstrapper : Found @SpringBootConfiguration com.tienda.EcommerceApplication for test class com.tienda.integration.OrderIntegrationTest
2026-08-30T20:14:26.973-05:00  INFO 70205 --- [e-commerce] [           main] o.s.b.d.r.RestartApplicationListener     : Restart disabled due to context in which it is running

  .   ____          _            __ _ _
 /\\ / ___'_ __ _ _(_)_ __  __ _ \ \ \ \
( ( )\___ | '_ | '_| | '_ \/ _` | \ \ \ \
 \\/  ___)| |_)| | | | | || (_| |  ) ) ) )
  '  |____| .__|_| |_|_| |_\__, | / / / /
 =========|_|==============|___/=/_/_/_/

 :: Spring Boot ::                (v3.3.6)

2026-08-30T20:14:26.983-05:00  INFO 70205 --- [e-commerce] [           main] c.t.integration.OrderIntegrationTest     : Starting OrderIntegrationTest using Java 17.0.20.1 with PID 70205 (started by joelsantiagomartinezpinzon in /Users/joelsantiagomartinezpinzon/Documents/e-commerce/e-commerce)
2026-08-30T20:14:26.983-05:00  INFO 70205 --- [e-commerce] [           main] c.t.integration.OrderIntegrationTest     : The following 1 profile is active: "test"
2026-08-30T20:14:27.142-05:00  INFO 70205 --- [e-commerce] [           main] .s.d.r.c.RepositoryConfigurationDelegate : Bootstrapping Spring Data JPA repositories in DEFAULT mode.
2026-08-30T20:14:27.147-05:00  INFO 70205 --- [e-commerce] [           main] .s.d.r.c.RepositoryConfigurationDelegate : Finished Spring Data repository scanning in 4 ms. Found 6 JPA repository interfaces.
2026-08-30T20:14:27.258-05:00  INFO 70205 --- [e-commerce] [           main] o.hibernate.jpa.internal.util.LogHelper  : HHH000204: Processing PersistenceUnitInfo [name: default]
2026-08-30T20:14:27.258-05:00  INFO 70205 --- [e-commerce] [           main] o.h.c.internal.RegionFactoryInitiator    : HHH000026: Second-level cache disabled
2026-08-30T20:14:27.261-05:00  INFO 70205 --- [e-commerce] [           main] o.s.o.j.p.SpringPersistenceUnitInfo      : No LoadTimeWeaver setup: ignoring JPA class transformer
2026-08-30T20:14:27.262-05:00  INFO 70205 --- [e-commerce] [           main] com.zaxxer.hikari.HikariDataSource       : HikariPool-1 - Starting...
2026-08-30T20:14:27.266-05:00  INFO 70205 --- [e-commerce] [           main] com.zaxxer.hikari.pool.HikariPool        : HikariPool-1 - Added connection conn5: url=jdbc:h2:mem:ecommerce_test user=SA
2026-08-30T20:14:27.268-05:00  INFO 70205 --- [e-commerce] [           main] com.zaxxer.hikari.HikariDataSource       : HikariPool-1 - Start completed.
2026-08-30T20:14:27.269-05:00  WARN 70205 --- [e-commerce] [           main] org.hibernate.orm.deprecation            : HHH90000025: H2Dialect does not need to be specified explicitly using 'hibernate.dialect' (remove the property setting and it will be selected by default)
2026-08-30T20:14:27.303-05:00  INFO 70205 --- [e-commerce] [           main] o.h.e.t.j.p.i.JtaPlatformInitiator       : HHH000489: No JTA platform available (set 'hibernate.transaction.jta.platform' to enable JTA platform integration)
Hibernate: 
    drop table if exists categories cascade 
Hibernate: 
    drop table if exists customers cascade 
Hibernate: 
    drop table if exists order_items cascade 
Hibernate: 
    drop table if exists orders cascade 
Hibernate: 
    drop table if exists product_variants cascade 
Hibernate: 
    drop table if exists products cascade 
Hibernate: 
    create table categories (
        is_active boolean not null,
        id bigint generated by default as identity,
        name varchar(100) not null,
        description varchar(500),
        primary key (id)
    )
Hibernate: 
    create table customers (
        created_at timestamp(6) not null,
        id bigint generated by default as identity,
        telegram_chat_id bigint not null,
        phone varchar(20),
        full_name varchar(150) not null,
        address varchar(500),
        primary key (id)
    )
Hibernate: 
    create table order_items (
        quantity integer not null,
        unit_price numeric(10,2) not null,
        id bigint generated by default as identity,
        order_id bigint not null,
        product_variant_id bigint not null,
        primary key (id)
    )
Hibernate: 
    create table orders (
        total_amount numeric(10,2) not null,
        created_at timestamp(6) not null,
        customer_id bigint not null,
        id bigint generated by default as identity,
        status enum ('CANCELLED','CONFIRMED','PENDING','SHIPPED') not null,
        primary key (id)
    )
Hibernate: 
    create table product_variants (
        is_active boolean not null,
        price_override numeric(10,2),
        stock integer not null,
        id bigint generated by default as identity,
        product_id bigint not null,
        size varchar(20),
        color varchar(50),
        sku varchar(50) not null,
        primary key (id)
    )
Hibernate: 
    create table products (
        base_price numeric(10,2) not null,
        is_active boolean not null,
        category_id bigint not null,
        created_at timestamp(6) not null,
        id bigint generated by default as identity,
        name varchar(200) not null,
        description TEXT,
        primary key (id)
    )
Hibernate: 
    alter table if exists order_items 
       add constraint FKbioxgbv59vetrxe0ejfubep1w 
       foreign key (order_id) 
       references orders
Hibernate: 
    alter table if exists order_items 
       add constraint FKltmtlue0wixrg1cf0xo7x0l4d 
       foreign key (product_variant_id) 
       references product_variants
Hibernate: 
    alter table if exists orders 
       add constraint FKpxtb8awmi0dk6smoh2vp1litg 
       foreign key (customer_id) 
       references customers
Hibernate: 
    alter table if exists product_variants 
       add constraint FKosqitn4s405cynmhb87lkvuau 
       foreign key (product_id) 
       references products
Hibernate: 
    alter table if exists products 
       add constraint FKog2rp4qthbtt2lfyhfo32lsw9 
       foreign key (category_id) 
       references categories
2026-08-30T20:14:27.308-05:00  INFO 70205 --- [e-commerce] [           main] j.LocalContainerEntityManagerFactoryBean : Initialized JPA EntityManagerFactory for persistence unit 'default'
2026-08-30T20:14:27.471-05:00  WARN 70205 --- [e-commerce] [           main] JpaBaseConfiguration$JpaWebConfiguration : spring.jpa.open-in-view is enabled by default. Therefore, database queries may be performed during view rendering. Explicitly configure spring.jpa.open-in-view to disable this warning
2026-08-30T20:14:27.673-05:00  INFO 70205 --- [e-commerce] [           main] o.s.b.t.m.w.SpringBootMockServletContext : Initializing Spring TestDispatcherServlet ''
2026-08-30T20:14:27.673-05:00  INFO 70205 --- [e-commerce] [           main] o.s.t.web.servlet.TestDispatcherServlet  : Initializing Servlet ''
2026-08-30T20:14:27.676-05:00  INFO 70205 --- [e-commerce] [           main] o.s.b.a.e.web.EndpointLinksResolver      : Exposing 3 endpoints beneath base path '/actuator'
2026-08-30T20:14:27.681-05:00  INFO 70205 --- [e-commerce] [           main] o.s.t.web.servlet.TestDispatcherServlet  : Completed initialization in 8 ms
2026-08-30T20:14:27.699-05:00  INFO 70205 --- [e-commerce] [           main] c.t.integration.OrderIntegrationTest     : Started OrderIntegrationTest in 0.726 seconds (process running for 2.393)
Hibernate: 
    select
        count(*) 
    from
        categories c1_0
2026-08-30T20:14:27.715-05:00  INFO 70205 --- [e-commerce] [           main] com.tienda.config.DataInitializer        : Iniciando carga de datos de prueba...
Hibernate: 
    insert 
    into
        customers
        (address, created_at, full_name, phone, telegram_chat_id, id) 
    values
        (?, ?, ?, ?, ?, default)
Hibernate: 
    insert 
    into
        customers
        (address, created_at, full_name, phone, telegram_chat_id, id) 
    values
        (?, ?, ?, ?, ?, default)
Hibernate: 
    insert 
    into
        categories
        (description, is_active, name, id) 
    values
        (?, ?, ?, default)
Hibernate: 
    insert 
    into
        categories
        (description, is_active, name, id) 
    values
        (?, ?, ?, default)
Hibernate: 
    insert 
    into
        products
        (base_price, category_id, created_at, description, is_active, name, id) 
    values
        (?, ?, ?, ?, ?, ?, default)
Hibernate: 
    insert 
    into
        products
        (base_price, category_id, created_at, description, is_active, name, id) 
    values
        (?, ?, ?, ?, ?, ?, default)
Hibernate: 
    insert 
    into
        product_variants
        (color, is_active, price_override, product_id, size, sku, stock, id) 
    values
        (?, ?, ?, ?, ?, ?, ?, default)
Hibernate: 
    insert 
    into
        product_variants
        (color, is_active, price_override, product_id, size, sku, stock, id) 
    values
        (?, ?, ?, ?, ?, ?, ?, default)
Hibernate: 
    insert 
    into
        product_variants
        (color, is_active, price_override, product_id, size, sku, stock, id) 
    values
        (?, ?, ?, ?, ?, ?, ?, default)
Hibernate: 
    insert 
    into
        product_variants
        (color, is_active, price_override, product_id, size, sku, stock, id) 
    values
        (?, ?, ?, ?, ?, ?, ?, default)
2026-08-30T20:14:27.720-05:00  INFO 70205 --- [e-commerce] [           main] com.tienda.config.DataInitializer        : Datos de prueba cargados con éxito: 2 clientes, 2 categorías, 2 productos y 4 variantes.
2026-08-30T20:14:27.721-05:00  WARN 70205 --- [e-commerce] [           main] c.t.t.config.TelegramWebhookInitializer  : Webhook de Telegram omitido: TELEGRAM_BOT_TOKEN no configurado.
Hibernate: 
    insert 
    into
        customers
        (address, created_at, full_name, phone, telegram_chat_id, id) 
    values
        (?, ?, ?, ?, ?, default)
Hibernate: 
    select
        pv1_0.id,
        pv1_0.color,
        pv1_0.is_active,
        pv1_0.price_override,
        pv1_0.product_id,
        pv1_0.size,
        pv1_0.sku,
        pv1_0.stock 
    from
        product_variants pv1_0 
    where
        pv1_0.sku=?
Hibernate: 
    select
        pv1_0.id,
        pv1_0.color,
        pv1_0.is_active,
        pv1_0.price_override,
        pv1_0.product_id,
        pv1_0.size,
        pv1_0.sku,
        pv1_0.stock 
    from
        product_variants pv1_0
Hibernate: 
    select
        p1_0.id,
        p1_0.base_price,
        p1_0.category_id,
        c1_0.id,
        c1_0.description,
        c1_0.is_active,
        c1_0.name,
        p1_0.created_at,
        p1_0.description,
        p1_0.is_active,
        p1_0.name 
    from
        products p1_0 
    join
        categories c1_0 
            on c1_0.id=p1_0.category_id 
    where
        p1_0.id=?
Hibernate: 
    select
        p1_0.id,
        p1_0.base_price,
        p1_0.category_id,
        c1_0.id,
        c1_0.description,
        c1_0.is_active,
        c1_0.name,
        p1_0.created_at,
        p1_0.description,
        p1_0.is_active,
        p1_0.name 
    from
        products p1_0 
    join
        categories c1_0 
            on c1_0.id=p1_0.category_id 
    where
        p1_0.id=?
]]></system-out>
  </testcase>
  <testcase name="testCreateOrderSuccess" classname="com.tienda.integration.OrderIntegrationTest" time="0.016">
    <system-out><![CDATA[Hibernate: 
    insert 
    into
        customers
        (address, created_at, full_name, phone, telegram_chat_id, id) 
    values
        (?, ?, ?, ?, ?, default)
Hibernate: 
    select
        pv1_0.id,
        pv1_0.color,
        pv1_0.is_active,
        pv1_0.price_override,
        pv1_0.product_id,
        pv1_0.size,
        pv1_0.sku,
        pv1_0.stock 
    from
        product_variants pv1_0 
    where
        pv1_0.sku=?
Hibernate: 
    select
        pv1_0.id,
        pv1_0.color,
        pv1_0.is_active,
        pv1_0.price_override,
        pv1_0.product_id,
        pv1_0.size,
        pv1_0.sku,
        pv1_0.stock 
    from
        product_variants pv1_0
Hibernate: 
    select
        p1_0.id,
        p1_0.base_price,
        p1_0.category_id,
        c1_0.id,
        c1_0.description,
        c1_0.is_active,
        c1_0.name,
        p1_0.created_at,
        p1_0.description,
        p1_0.is_active,
        p1_0.name 
    from
        products p1_0 
    join
        categories c1_0 
            on c1_0.id=p1_0.category_id 
    where
        p1_0.id=?
Hibernate: 
    select
        p1_0.id,
        p1_0.base_price,
        p1_0.category_id,
        c1_0.id,
        c1_0.description,
        c1_0.is_active,
        c1_0.name,
        p1_0.created_at,
        p1_0.description,
        p1_0.is_active,
        p1_0.name 
    from
        products p1_0 
    join
        categories c1_0 
            on c1_0.id=p1_0.category_id 
    where
        p1_0.id=?
Hibernate: 
    insert 
    into
        orders
        (created_at, customer_id, status, total_amount, id) 
    values
        (?, ?, ?, ?, default)
Hibernate: 
    insert 
    into
        order_items
        (order_id, product_variant_id, quantity, unit_price, id) 
    values
        (?, ?, ?, ?, default)
]]></system-out>
  </testcase>
  <testcase name="testCancelOrderRestoresStock" classname="com.tienda.integration.OrderIntegrationTest" time="0.01">
    <system-out><![CDATA[Hibernate: 
    insert 
    into
        customers
        (address, created_at, full_name, phone, telegram_chat_id, id) 
    values
        (?, ?, ?, ?, ?, default)
Hibernate: 
    select
        pv1_0.id,
        pv1_0.color,
        pv1_0.is_active,
        pv1_0.price_override,
        pv1_0.product_id,
        pv1_0.size,
        pv1_0.sku,
        pv1_0.stock 
    from
        product_variants pv1_0 
    where
        pv1_0.sku=?
Hibernate: 
    select
        pv1_0.id,
        pv1_0.color,
        pv1_0.is_active,
        pv1_0.price_override,
        pv1_0.product_id,
        pv1_0.size,
        pv1_0.sku,
        pv1_0.stock 
    from
        product_variants pv1_0
Hibernate: 
    select
        p1_0.id,
        p1_0.base_price,
        p1_0.category_id,
        c1_0.id,
        c1_0.description,
        c1_0.is_active,
        c1_0.name,
        p1_0.created_at,
        p1_0.description,
        p1_0.is_active,
        p1_0.name 
    from
        products p1_0 
    join
        categories c1_0 
            on c1_0.id=p1_0.category_id 
    where
        p1_0.id=?
Hibernate: 
    select
        p1_0.id,
        p1_0.base_price,
        p1_0.category_id,
        c1_0.id,
        c1_0.description,
        c1_0.is_active,
        c1_0.name,
        p1_0.created_at,
        p1_0.description,
        p1_0.is_active,
        p1_0.name 
    from
        products p1_0 
    join
        categories c1_0 
            on c1_0.id=p1_0.category_id 
    where
        p1_0.id=?
Hibernate: 
    insert 
    into
        orders
        (created_at, customer_id, status, total_amount, id) 
    values
        (?, ?, ?, ?, default)
Hibernate: 
    insert 
    into
        order_items
        (order_id, product_variant_id, quantity, unit_price, id) 
    values
        (?, ?, ?, ?, default)
Hibernate: 
    select
        oi1_0.id,
        oi1_0.order_id,
        oi1_0.product_variant_id,
        oi1_0.quantity,
        oi1_0.unit_price 
    from
        order_items oi1_0 
    where
        oi1_0.order_id=?
Hibernate: 
    select
        oi1_0.id,
        oi1_0.order_id,
        oi1_0.product_variant_id,
        oi1_0.quantity,
        oi1_0.unit_price 
    from
        order_items oi1_0 
    where
        oi1_0.order_id=?
]]></system-out>
  </testcase>
</testsuite>