<?xml version="1.0" encoding="UTF-8"?>
<testsuite xmlns:xsi="http://www.w3.org/2001/XMLSchema-instance" xsi:noNamespaceSchemaLocation="https://maven.apache.org/surefire/maven-surefire-plugin/xsd/surefire-test-report-3.0.xsd" version="3.0" name="com.tienda.telegram.service.TelegramBotServiceTest" time="0.085" tests="6" errors="0" skipped="0" failures="0">
  <properties>
[...]
</properties>
  <testcase name="processUpdate_cancelOrderCallback_editsMessageWithoutCreatingOrder" classname="com.tienda.telegram.service.TelegramBotServiceTest" time="0.074"/>
  <testcase name="processUpdate_startCommand_createsCustomerAndSendsWelcome" classname="com.tienda.telegram.service.TelegramBotServiceTest" time="0.002">
    <system-out><![CDATA[2026-08-30T20:14:28.183-05:00  INFO 70205 --- [e-commerce] [           main] c.t.telegram.service.TelegramBotService  : Procesando comando '/start' de chatId=123456789
2026-08-30T20:14:28.184-05:00  INFO 70205 --- [e-commerce] [           main] c.t.telegram.service.TelegramBotService  : Nuevo cliente registrado vía Telegram: chatId=123456789, nombre=Joel
2026-08-30T20:14:28.184-05:00  INFO 70205 --- [e-commerce] [           main] c.t.telegram.service.TelegramBotService  : Comando /start procesado para chatId=123456789, customerId=1
]]></system-out>
  </testcase>
  <testcase name="processUpdate_catalogoCommand_buildsProductListAndSendsMessage" classname="com.tienda.telegram.service.TelegramBotServiceTest" time="0.002">
    <system-out><![CDATA[2026-08-30T20:14:28.186-05:00  INFO 70205 --- [e-commerce] [           main] c.t.telegram.service.TelegramBotService  : Procesando comando '/catalogo' de chatId=987654321
2026-08-30T20:14:28.186-05:00  INFO 70205 --- [e-commerce] [           main] c.t.telegram.service.TelegramBotService  : Catálogo generado con 1 categorías activas
]]></system-out>
  </testcase>
  <testcase name="processUpdate_comprarCommand_sendsInteractiveConfirmationWithoutCreatingOrder" classname="com.tienda.telegram.service.TelegramBotServiceTest" time="0.002">
    <system-out><![CDATA[2026-08-30T20:14:28.188-05:00  INFO 70205 --- [e-commerce] [           main] c.t.telegram.service.TelegramBotService  : Procesando comando '/comprar' de chatId=111222333
2026-08-30T20:14:28.188-05:00  INFO 70205 --- [e-commerce] [           main] c.t.telegram.service.TelegramBotService  : Resumen de pedido enviado con confirmación interactiva. sku=FRN-CHE-001, chatId=111222333
]]></system-out>
  </testcase>
  <testcase name="processUpdate_confirmOrderCallback_createsPendingOrderAndEditsMessage" classname="com.tienda.telegram.service.TelegramBotServiceTest" time="0.001">
    <system-out><![CDATA[2026-08-30T20:14:28.190-05:00  INFO 70205 --- [e-commerce] [           main] c.t.telegram.service.TelegramBotService  : Orden confirmada vía callback Telegram: orderId=99, sku=FRN-CHE-001, chatId=111222333
]]></system-out>
  </testcase>
  <testcase name="processUpdate_unknownCommand_incrementsUnknownMetricAndSendsDefaultMessage" classname="com.tienda.telegram.service.TelegramBotServiceTest" time="0.002">
    <system-out><![CDATA[2026-08-30T20:14:28.191-05:00  INFO 70205 --- [e-commerce] [           main] c.t.telegram.service.TelegramBotService  : Procesando comando '/ayuda' de chatId=555555555
]]></system-out>
  </testcase>
</testsuite>